# JRE version: Java(TM) SE Runtime Environment (8.0_66-b17) (build 1.8.0_66-b17)
# Java VM: Java HotSpot(TM) 64-Bit Server VM (25.66-b17 mixed mode linux-amd64 compressed oops)
Heap:
 PSYoungGen      total 2149376K, used 1400744K [0x0000000728d80000, 0x00000007c0000000, 0x00000007c0000000)
  eden space 1950208K, 61% used [0x0000000728d80000,0x00000007722ea0f0,0x000000079fe00000)
  from space 199168K, 100% used [0x00000007b3d80000,0x00000007c0000000,0x00000007c0000000)
  to   space 263168K, 0% used [0x000000079fe00000,0x000000079fe00000,0x00000007aff00000)
 ParOldGen       total 993792K, used 659537K [0x00000005fa800000, 0x0000000637280000, 0x0000000728d80000)
  object space 993792K, 66% used [0x00000005fa800000,0x0000000622c146e8,0x0000000637280000)
 Metaspace       used 6101K, capacity 6358K, committed 6528K, reserved 1056768K
  class space    used 730K, capacity 815K, committed 896K, reserved 1048576K
GC Heap History (10 events):
Event: 17,932 GC heap before
{Heap before GC invocations=17 (full 2):
 PSYoungGen      total 2309120K, used 2280992K [0x0000000728d80000, 0x00000007c0000000, 0x00000007c0000000)
  eden space 2184704K, 100% used [0x0000000728d80000,0x00000007ae300000,0x00000007ae300000)
  from space 124416K, 77% used [0x00000007b8680000,0x00000007be488000,0x00000007c0000000)
  to   space 145920K, 0% used [0x00000007ae300000,0x00000007ae300000,0x00000007b7180000)
 ParOldGen       total 600064K, used 394838K [0x00000005fa800000, 0x000000061f200000, 0x0000000728d80000)
  object space 600064K, 65% used [0x00000005fa800000,0x0000000612995a60,0x000000061f200000)
 Metaspace       used 3937K, capacity 4844K, committed 5120K, reserved 1056768K
  class space    used 451K, capacity 468K, committed 512K, reserved 1048576K
Event: 18,144 GC heap after
Heap after GC invocations=17 (full 2):
 PSYoungGen      total 2330624K, used 145920K [0x0000000728d80000, 0x00000007c0000000, 0x00000007c0000000)
  eden space 2184704K, 0% used [0x0000000728d80000,0x0000000728d80000,0x00000007ae300000)
  from space 145920K, 100% used [0x00000007ae300000,0x00000007b7180000,0x00000007b7180000)
  to   space 145920K, 0% used [0x00000007b7180000,0x00000007b7180000,0x00000007c0000000)
 ParOldGen       total 600064K, used 441062K [0x00000005fa800000, 0x000000061f200000, 0x0000000728d80000)
  object space 600064K, 73% used [0x00000005fa800000,0x00000006156b9a60,0x000000061f200000)
 Metaspace       used 3937K, capacity 4844K, committed 5120K, reserved 1056768K
  class space    used 451K, capacity 468K, committed 512K, reserved 1048576K
}
Event: 20,248 GC heap before
{Heap before GC invocations=18 (full 2):
 PSYoungGen      total 2330624K, used 2330624K [0x0000000728d80000, 0x00000007c0000000, 0x00000007c0000000)
  eden space 2184704K, 100% used [0x0000000728d80000,0x00000007ae300000,0x00000007ae300000)
  from space 145920K, 100% used [0x00000007ae300000,0x00000007b7180000,0x00000007b7180000)
  to   space 145920K, 0% used [0x00000007b7180000,0x00000007b7180000,0x00000007c0000000)
 ParOldGen       total 600064K, used 441062K [0x00000005fa800000, 0x000000061f200000, 0x0000000728d80000)
  object space 600064K, 73% used [0x00000005fa800000,0x00000006156b9a60,0x000000061f200000)
 Metaspace       used 3937K, capacity 4844K, committed 5120K, reserved 1056768K
  class space    used 451K, capacity 468K, committed 512K, reserved 1048576K
Event: 20,587 GC heap after
Heap after GC invocations=18 (full 2):
 PSYoungGen      total 2252800K, used 95008K [0x0000000728d80000, 0x00000007c0000000, 0x00000007c0000000)
  eden space 2106880K, 0% used [0x0000000728d80000,0x0000000728d80000,0x00000007a9700000)
  from space 145920K, 65% used [0x00000007b7180000,0x00000007bce48000,0x00000007c0000000)
  to   space 184832K, 0% used [0x00000007a9700000,0x00000007a9700000,0x00000007b4b80000)
 ParOldGen       total 600064K, used 588822K [0x00000005fa800000, 0x000000061f200000, 0x0000000728d80000)
  object space 600064K, 98% used [0x00000005fa800000,0x000000061e705a60,0x000000061f200000)
 Metaspace       used 3937K, capacity 4844K, committed 5120K, reserved 1056768K
  class space    used 451K, capacity 468K, committed 512K, reserved 1048576K
}
Event: 20,587 GC heap before
{Heap before GC invocations=19 (full 3):
 PSYoungGen      total 2252800K, used 95008K [0x0000000728d80000, 0x00000007c0000000, 0x00000007c0000000)
  eden space 2106880K, 0% used [0x0000000728d80000,0x0000000728d80000,0x00000007a9700000)
  from space 145920K, 65% used [0x00000007b7180000,0x00000007bce48000,0x00000007c0000000)
  to   space 184832K, 0% used [0x00000007a9700000,0x00000007a9700000,0x00000007b4b80000)
 ParOldGen       total 600064K, used 588822K [0x00000005fa800000, 0x000000061f200000, 0x0000000728d80000)
  object space 600064K, 98% used [0x00000005fa800000,0x000000061e705a60,0x000000061f200000)
 Metaspace       used 3937K, capacity 4844K, committed 5120K, reserved 1056768K
  class space    used 451K, capacity 468K, committed 512K, reserved 1048576K
Event: 23,486 GC heap after
Heap after GC invocations=19 (full 3):
 PSYoungGen      total 2252800K, used 79250K [0x0000000728d80000, 0x00000007c0000000, 0x00000007c0000000)
  eden space 2106880K, 0% used [0x0000000728d80000,0x0000000728d80000,0x00000007a9700000)
  from space 145920K, 54% used [0x00000007b7180000,0x00000007bbee4a88,0x00000007c0000000)
  to   space 184832K, 0% used [0x00000007a9700000,0x00000007a9700000,0x00000007b4b80000)
 ParOldGen       total 993792K, used 599938K [0x00000005fa800000, 0x0000000637280000, 0x0000000728d80000)
  object space 993792K, 60% used [0x00000005fa800000,0x000000061f1e0898,0x0000000637280000)
 Metaspace       used 3937K, capacity 4844K, committed 5120K, reserved 1056768K
  class space    used 451K, capacity 468K, committed 512K, reserved 1048576K
}
Event: 25,522 GC heap before
{Heap before GC invocations=20 (full 3):
 PSYoungGen      total 2252800K, used 2186130K [0x0000000728d80000, 0x00000007c0000000, 0x00000007c0000000)
  eden space 2106880K, 100% used [0x0000000728d80000,0x00000007a9700000,0x00000007a9700000)
  from space 145920K, 54% used [0x00000007b7180000,0x00000007bbee4a88,0x00000007c0000000)
  to   space 184832K, 0% used [0x00000007a9700000,0x00000007a9700000,0x00000007b4b80000)
 ParOldGen       total 993792K, used 599938K [0x00000005fa800000, 0x0000000637280000, 0x0000000728d80000)
  object space 993792K, 60% used [0x00000005fa800000,0x000000061f1e0898,0x0000000637280000)
 Metaspace       used 3937K, capacity 4844K, committed 5120K, reserved 1056768K
  class space    used 451K, capacity 468K, committed 512K, reserved 1048576K
Event: 25,825 GC heap after
Heap after GC invocations=20 (full 3):
 PSYoungGen      total 2277376K, used 170496K [0x0000000728d80000, 0x00000007c0000000, 0x00000007c0000000)
  eden space 2106880K, 0% used [0x0000000728d80000,0x0000000728d80000,0x00000007a9700000)
  from space 170496K, 100% used [0x00000007a9700000,0x00000007b3d80000,0x00000007b3d80000)
  to   space 199168K, 0% used [0x00000007b3d80000,0x00000007b3d80000,0x00000007c0000000)
 ParOldGen       total 993792K, used 599938K [0x00000005fa800000, 0x0000000637280000, 0x0000000728d80000)
  object space 993792K, 60% used [0x00000005fa800000,0x000000061f1e0898,0x0000000637280000)
 Metaspace       used 3937K, capacity 4844K, committed 5120K, reserved 1056768K
  class space    used 451K, capacity 468K, committed 512K, reserved 1048576K
}
Event: 70,583 GC heap before
{Heap before GC invocations=21 (full 3):
 PSYoungGen      total 2277376K, used 2277376K [0x0000000728d80000, 0x00000007c0000000, 0x00000007c0000000)
  eden space 2106880K, 100% used [0x0000000728d80000,0x00000007a9700000,0x00000007a9700000)
  from space 170496K, 100% used [0x00000007a9700000,0x00000007b3d80000,0x00000007b3d80000)
  to   space 199168K, 0% used [0x00000007b3d80000,0x00000007b3d80000,0x00000007c0000000)
 ParOldGen       total 993792K, used 599938K [0x00000005fa800000, 0x0000000637280000, 0x0000000728d80000)
  object space 993792K, 60% used [0x00000005fa800000,0x000000061f1e0898,0x0000000637280000)
 Metaspace       used 5590K, capacity 5838K, committed 5888K, reserved 1056768K
  class space    used 645K, capacity 749K, committed 768K, reserved 1048576K
Event: 70,883 GC heap after
Heap after GC invocations=21 (full 3):
 PSYoungGen      total 2149376K, used 199168K [0x0000000728d80000, 0x00000007c0000000, 0x00000007c0000000)
  eden space 1950208K, 0% used [0x0000000728d80000,0x0000000728d80000,0x000000079fe00000)
  from space 199168K, 100% used [0x00000007b3d80000,0x00000007c0000000,0x00000007c0000000)
  to   space 263168K, 0% used [0x000000079fe00000,0x000000079fe00000,0x00000007aff00000)
 ParOldGen       total 993792K, used 659537K [0x00000005fa800000, 0x0000000637280000, 0x0000000728d80000)
  object space 993792K, 66% used [0x00000005fa800000,0x0000000622c146e8,0x0000000637280000)
 Metaspace       used 5590K, capacity 5838K, committed 5888K, reserved 1056768K
  class space    used 645K, capacity 749K, committed 768K, reserved 1048576K
}

