# JRE version: Java(TM) SE Runtime Environment (8.0_66-b17) (build 1.8.0_66-b17)
# Java VM: Java HotSpot(TM) 64-Bit Server VM (25.66-b17 mixed mode linux-amd64 compressed oops)
Heap:
 PSYoungGen      total 2284032K, used 964277K [0x0000000728d80000, 0x00000007c0000000, 0x00000007c0000000)
  eden space 2106880K, 37% used [0x0000000728d80000,0x0000000758e9f5e0,0x00000007a9700000)
  from space 177152K, 99% used [0x00000007a9700000,0x00000007b438de50,0x00000007b4400000)
  to   space 192512K, 0% used [0x00000007b4400000,0x00000007b4400000,0x00000007c0000000)
 ParOldGen       total 838656K, used 702722K [0x00000005fa800000, 0x000000062db00000, 0x0000000728d80000)
  object space 838656K, 83% used [0x00000005fa800000,0x0000000625640830,0x000000062db00000)
 Metaspace       used 6110K, capacity 6362K, committed 6528K, reserved 1056768K
  class space    used 732K, capacity 815K, committed 896K, reserved 1048576K
GC Heap History (10 events):
Event: 39,008 GC heap before
{Heap before GC invocations=20 (full 2):
 PSYoungGen      total 2318336K, used 2318336K [0x0000000728d80000, 0x00000007c0000000, 0x00000007c0000000)
  eden space 2214400K, 100% used [0x0000000728d80000,0x00000007b0000000,0x00000007b0000000)
  from space 103936K, 100% used [0x00000007b0000000,0x00000007b6580000,0x00000007b6580000)
  to   space 150016K, 0% used [0x00000007b6d80000,0x00000007b6d80000,0x00000007c0000000)
 ParOldGen       total 521728K, used 413040K [0x00000005fa800000, 0x000000061a580000, 0x0000000728d80000)
  object space 521728K, 79% used [0x00000005fa800000,0x0000000613b5c030,0x000000061a580000)
 Metaspace       used 3994K, capacity 4844K, committed 5120K, reserved 1056768K
  class space    used 452K, capacity 468K, committed 512K, reserved 1048576K
Event: 39,385 GC heap after
Heap after GC invocations=20 (full 2):
 PSYoungGen      total 2317312K, used 93632K [0x0000000728d80000, 0x00000007c0000000, 0x00000007c0000000)
  eden space 2167296K, 0% used [0x0000000728d80000,0x0000000728d80000,0x00000007ad200000)
  from space 150016K, 62% used [0x00000007b6d80000,0x00000007bc8f0000,0x00000007c0000000)
  to   space 154624K, 0% used [0x00000007ad200000,0x00000007ad200000,0x00000007b6900000)
 ParOldGen       total 521728K, used 518272K [0x00000005fa800000, 0x000000061a580000, 0x0000000728d80000)
  object space 521728K, 99% used [0x00000005fa800000,0x000000061a220030,0x000000061a580000)
 Metaspace       used 3994K, capacity 4844K, committed 5120K, reserved 1056768K
  class space    used 452K, capacity 468K, committed 512K, reserved 1048576K
}
Event: 39,385 GC heap before
{Heap before GC invocations=21 (full 3):
 PSYoungGen      total 2317312K, used 93632K [0x0000000728d80000, 0x00000007c0000000, 0x00000007c0000000)
  eden space 2167296K, 0% used [0x0000000728d80000,0x0000000728d80000,0x00000007ad200000)
  from space 150016K, 62% used [0x00000007b6d80000,0x00000007bc8f0000,0x00000007c0000000)
  to   space 154624K, 0% used [0x00000007ad200000,0x00000007ad200000,0x00000007b6900000)
 ParOldGen       total 521728K, used 518272K [0x00000005fa800000, 0x000000061a580000, 0x0000000728d80000)
  object space 521728K, 99% used [0x00000005fa800000,0x000000061a220030,0x000000061a580000)
 Metaspace       used 3994K, capacity 4844K, committed 5120K, reserved 1056768K
  class space    used 452K, capacity 468K, committed 512K, reserved 1048576K
Event: 42,560 GC heap after
Heap after GC invocations=21 (full 3):
 PSYoungGen      total 2317312K, used 86553K [0x0000000728d80000, 0x00000007c0000000, 0x00000007c0000000)
  eden space 2167296K, 0% used [0x0000000728d80000,0x0000000728d80000,0x00000007ad200000)
  from space 150016K, 57% used [0x00000007b6d80000,0x00000007bc206518,0x00000007c0000000)
  to   space 154624K, 0% used [0x00000007ad200000,0x00000007ad200000,0x00000007b6900000)
 ParOldGen       total 838656K, used 521434K [0x00000005fa800000, 0x000000062db00000, 0x0000000728d80000)
  object space 838656K, 62% used [0x00000005fa800000,0x000000061a536830,0x000000062db00000)
 Metaspace       used 3994K, capacity 4844K, committed 5120K, reserved 1056768K
  class space    used 452K, capacity 468K, committed 512K, reserved 1048576K
}
Event: 44,655 GC heap before
{Heap before GC invocations=22 (full 3):
 PSYoungGen      total 2317312K, used 2253849K [0x0000000728d80000, 0x00000007c0000000, 0x00000007c0000000)
  eden space 2167296K, 100% used [0x0000000728d80000,0x00000007ad200000,0x00000007ad200000)
  from space 150016K, 57% used [0x00000007b6d80000,0x00000007bc206518,0x00000007c0000000)
  to   space 154624K, 0% used [0x00000007ad200000,0x00000007ad200000,0x00000007b6900000)
 ParOldGen       total 838656K, used 521434K [0x00000005fa800000, 0x000000062db00000, 0x0000000728d80000)
  object space 838656K, 62% used [0x00000005fa800000,0x000000061a536830,0x000000062db00000)
 Metaspace       used 3994K, capacity 4844K, committed 5120K, reserved 1056768K
  class space    used 452K, capacity 468K, committed 512K, reserved 1048576K
Event: 45,000 GC heap after
Heap after GC invocations=22 (full 3):
 PSYoungGen      total 2321920K, used 154624K [0x0000000728d80000, 0x00000007c0000000, 0x00000007c0000000)
  eden space 2167296K, 0% used [0x0000000728d80000,0x0000000728d80000,0x00000007ad200000)
  from space 154624K, 100% used [0x00000007ad200000,0x00000007b6900000,0x00000007b6900000)
  to   space 154624K, 0% used [0x00000007b6900000,0x00000007b6900000,0x00000007c0000000)
 ParOldGen       total 838656K, used 546162K [0x00000005fa800000, 0x000000062db00000, 0x0000000728d80000)
  object space 838656K, 65% used [0x00000005fa800000,0x000000061bd5c830,0x000000062db00000)
 Metaspace       used 3994K, capacity 4844K, committed 5120K, reserved 1056768K
  class space    used 452K, capacity 468K, committed 512K, reserved 1048576K
}
Event: 46,916 GC heap before
{Heap before GC invocations=23 (full 3):
 PSYoungGen      total 2321920K, used 2321920K [0x0000000728d80000, 0x00000007c0000000, 0x00000007c0000000)
  eden space 2167296K, 100% used [0x0000000728d80000,0x00000007ad200000,0x00000007ad200000)
  from space 154624K, 100% used [0x00000007ad200000,0x00000007b6900000,0x00000007b6900000)
  to   space 154624K, 0% used [0x00000007b6900000,0x00000007b6900000,0x00000007c0000000)
 ParOldGen       total 838656K, used 546162K [0x00000005fa800000, 0x000000062db00000, 0x0000000728d80000)
  object space 838656K, 65% used [0x00000005fa800000,0x000000061bd5c830,0x000000062db00000)
 Metaspace       used 3994K, capacity 4844K, committed 5120K, reserved 1056768K
  class space    used 452K, capacity 468K, committed 512K, reserved 1048576K
Event: 47,232 GC heap after
Heap after GC invocations=23 (full 3):
 PSYoungGen      total 2261504K, used 90592K [0x0000000728d80000, 0x00000007c0000000, 0x00000007c0000000)
  eden space 2106880K, 0% used [0x0000000728d80000,0x0000000728d80000,0x00000007a9700000)
  from space 154624K, 58% used [0x00000007b6900000,0x00000007bc178000,0x00000007c0000000)
  to   space 184832K, 0% used [0x00000007a9700000,0x00000007a9700000,0x00000007b4b80000)
 ParOldGen       total 838656K, used 702714K [0x00000005fa800000, 0x000000062db00000, 0x0000000728d80000)
  object space 838656K, 83% used [0x00000005fa800000,0x000000062563e830,0x000000062db00000)
 Metaspace       used 3994K, capacity 4844K, committed 5120K, reserved 1056768K
  class space    used 452K, capacity 468K, committed 512K, reserved 1048576K
}
Event: 120,666 GC heap before
{Heap before GC invocations=24 (full 3):
 PSYoungGen      total 2261504K, used 2197472K [0x0000000728d80000, 0x00000007c0000000, 0x00000007c0000000)
  eden space 2106880K, 100% used [0x0000000728d80000,0x00000007a9700000,0x00000007a9700000)
  from space 154624K, 58% used [0x00000007b6900000,0x00000007bc178000,0x00000007c0000000)
  to   space 184832K, 0% used [0x00000007a9700000,0x00000007a9700000,0x00000007b4b80000)
 ParOldGen       total 838656K, used 702714K [0x00000005fa800000, 0x000000062db00000, 0x0000000728d80000)
  object space 838656K, 83% used [0x00000005fa800000,0x000000062563e830,0x000000062db00000)
 Metaspace       used 5662K, capacity 5906K, committed 6144K, reserved 1056768K
  class space    used 647K, capacity 749K, committed 768K, reserved 1048576K
Event: 120,929 GC heap after
Heap after GC invocations=24 (full 3):
 PSYoungGen      total 2284032K, used 176695K [0x0000000728d80000, 0x00000007c0000000, 0x00000007c0000000)
  eden space 2106880K, 0% used [0x0000000728d80000,0x0000000728d80000,0x00000007a9700000)
  from space 177152K, 99% used [0x00000007a9700000,0x00000007b438de50,0x00000007b4400000)
  to   space 192512K, 0% used [0x00000007b4400000,0x00000007b4400000,0x00000007c0000000)
 ParOldGen       total 838656K, used 702722K [0x00000005fa800000, 0x000000062db00000, 0x0000000728d80000)
  object space 838656K, 83% used [0x00000005fa800000,0x0000000625640830,0x000000062db00000)
 Metaspace       used 5662K, capacity 5906K, committed 6144K, reserved 1056768K
  class space    used 647K, capacity 749K, committed 768K, reserved 1048576K
}

