# JRE version: Java(TM) SE Runtime Environment (8.0_66-b17) (build 1.8.0_66-b17)
# Java VM: Java HotSpot(TM) 64-Bit Server VM (25.66-b17 mixed mode linux-amd64 compressed oops)
Heap:
 PSYoungGen      total 2295808K, used 1177395K [0x0000000728d80000, 0x00000007c0000000, 0x00000007c0000000)
  eden space 2118144K, 47% used [0x0000000728d80000,0x0000000765e37120,0x00000007aa200000)
  from space 177664K, 99% used [0x00000007aa200000,0x00000007b4f15e50,0x00000007b4f80000)
  to   space 180736K, 0% used [0x00000007b4f80000,0x00000007b4f80000,0x00000007c0000000)
 ParOldGen       total 847360K, used 693692K [0x00000005fa800000, 0x000000062e380000, 0x0000000728d80000)
  object space 847360K, 81% used [0x00000005fa800000,0x0000000624d6f0e8,0x000000062e380000)
 Metaspace       used 6049K, capacity 6298K, committed 6528K, reserved 1056768K
  class space    used 728K, capacity 815K, committed 896K, reserved 1048576K
GC Heap History (10 events):
Event: 37,498 GC heap before
{Heap before GC invocations=20 (full 2):
 PSYoungGen      total 2232320K, used 2232320K [0x0000000728d80000, 0x00000007c0000000, 0x00000007c0000000)
  eden space 2128896K, 100% used [0x0000000728d80000,0x00000007aac80000,0x00000007aac80000)
  from space 103424K, 100% used [0x00000007aac80000,0x00000007b1180000,0x00000007b1180000)
  to   space 148480K, 0% used [0x00000007b6f00000,0x00000007b6f00000,0x00000007c0000000)
 ParOldGen       total 526336K, used 408081K [0x00000005fa800000, 0x000000061aa00000, 0x0000000728d80000)
  object space 526336K, 77% used [0x00000005fa800000,0x0000000613684610,0x000000061aa00000)
 Metaspace       used 3981K, capacity 4844K, committed 5120K, reserved 1056768K
  class space    used 452K, capacity 468K, committed 512K, reserved 1048576K
Event: 37,762 GC heap after
Heap after GC invocations=20 (full 2):
 PSYoungGen      total 2320896K, used 90144K [0x0000000728d80000, 0x00000007c0000000, 0x00000007c0000000)
  eden space 2172416K, 0% used [0x0000000728d80000,0x0000000728d80000,0x00000007ad700000)
  from space 148480K, 60% used [0x00000007b6f00000,0x00000007bc708000,0x00000007c0000000)
  to   space 152064K, 0% used [0x00000007ad700000,0x00000007ad700000,0x00000007b6b80000)
 ParOldGen       total 526336K, used 512793K [0x00000005fa800000, 0x000000061aa00000, 0x0000000728d80000)
  object space 526336K, 97% used [0x00000005fa800000,0x0000000619cc6610,0x000000061aa00000)
 Metaspace       used 3981K, capacity 4844K, committed 5120K, reserved 1056768K
  class space    used 452K, capacity 468K, committed 512K, reserved 1048576K
}
Event: 37,762 GC heap before
{Heap before GC invocations=21 (full 3):
 PSYoungGen      total 2320896K, used 90144K [0x0000000728d80000, 0x00000007c0000000, 0x00000007c0000000)
  eden space 2172416K, 0% used [0x0000000728d80000,0x0000000728d80000,0x00000007ad700000)
  from space 148480K, 60% used [0x00000007b6f00000,0x00000007bc708000,0x00000007c0000000)
  to   space 152064K, 0% used [0x00000007ad700000,0x00000007ad700000,0x00000007b6b80000)
 ParOldGen       total 526336K, used 512793K [0x00000005fa800000, 0x000000061aa00000, 0x0000000728d80000)
  object space 526336K, 97% used [0x00000005fa800000,0x0000000619cc6610,0x000000061aa00000)
 Metaspace       used 3981K, capacity 4844K, committed 5120K, reserved 1056768K
  class space    used 452K, capacity 468K, committed 512K, reserved 1048576K
Event: 40,460 GC heap after
Heap after GC invocations=21 (full 3):
 PSYoungGen      total 2320896K, used 72894K [0x0000000728d80000, 0x00000007c0000000, 0x00000007c0000000)
  eden space 2172416K, 0% used [0x0000000728d80000,0x0000000728d80000,0x00000007ad700000)
  from space 148480K, 49% used [0x00000007b6f00000,0x00000007bb62f950,0x00000007c0000000)
  to   space 152064K, 0% used [0x00000007ad700000,0x00000007ad700000,0x00000007b6b80000)
 ParOldGen       total 847360K, used 526260K [0x00000005fa800000, 0x000000062e380000, 0x0000000728d80000)
  object space 847360K, 62% used [0x00000005fa800000,0x000000061a9ed0e8,0x000000062e380000)
 Metaspace       used 3981K, capacity 4844K, committed 5120K, reserved 1056768K
  class space    used 452K, capacity 468K, committed 512K, reserved 1048576K
}
Event: 43,037 GC heap before
{Heap before GC invocations=22 (full 3):
 PSYoungGen      total 2320896K, used 2245310K [0x0000000728d80000, 0x00000007c0000000, 0x00000007c0000000)
  eden space 2172416K, 100% used [0x0000000728d80000,0x00000007ad700000,0x00000007ad700000)
  from space 148480K, 49% used [0x00000007b6f00000,0x00000007bb62f950,0x00000007c0000000)
  to   space 152064K, 0% used [0x00000007ad700000,0x00000007ad700000,0x00000007b6b80000)
 ParOldGen       total 847360K, used 526260K [0x00000005fa800000, 0x000000062e380000, 0x0000000728d80000)
  object space 847360K, 62% used [0x00000005fa800000,0x000000061a9ed0e8,0x000000062e380000)
 Metaspace       used 3981K, capacity 4844K, committed 5120K, reserved 1056768K
  class space    used 452K, capacity 468K, committed 512K, reserved 1048576K
Event: 43,520 GC heap after
Heap after GC invocations=22 (full 3):
 PSYoungGen      total 2324480K, used 152064K [0x0000000728d80000, 0x00000007c0000000, 0x00000007c0000000)
  eden space 2172416K, 0% used [0x0000000728d80000,0x0000000728d80000,0x00000007ad700000)
  from space 152064K, 100% used [0x00000007ad700000,0x00000007b6b80000,0x00000007b6b80000)
  to   space 152064K, 0% used [0x00000007b6b80000,0x00000007b6b80000,0x00000007c0000000)
 ParOldGen       total 847360K, used 539732K [0x00000005fa800000, 0x000000062e380000, 0x0000000728d80000)
  object space 847360K, 63% used [0x00000005fa800000,0x000000061b7150e8,0x000000062e380000)
 Metaspace       used 3981K, capacity 4844K, committed 5120K, reserved 1056768K
  class space    used 452K, capacity 468K, committed 512K, reserved 1048576K
}
Event: 46,152 GC heap before
{Heap before GC invocations=23 (full 3):
 PSYoungGen      total 2324480K, used 2324480K [0x0000000728d80000, 0x00000007c0000000, 0x00000007c0000000)
  eden space 2172416K, 100% used [0x0000000728d80000,0x00000007ad700000,0x00000007ad700000)
  from space 152064K, 100% used [0x00000007ad700000,0x00000007b6b80000,0x00000007b6b80000)
  to   space 152064K, 0% used [0x00000007b6b80000,0x00000007b6b80000,0x00000007c0000000)
 ParOldGen       total 847360K, used 539732K [0x00000005fa800000, 0x000000062e380000, 0x0000000728d80000)
  object space 847360K, 63% used [0x00000005fa800000,0x000000061b7150e8,0x000000062e380000)
 Metaspace       used 3981K, capacity 4844K, committed 5120K, reserved 1056768K
  class space    used 452K, capacity 468K, committed 512K, reserved 1048576K
Event: 46,656 GC heap after
Heap after GC invocations=23 (full 3):
 PSYoungGen      total 2270208K, used 91168K [0x0000000728d80000, 0x00000007c0000000, 0x00000007c0000000)
  eden space 2118144K, 0% used [0x0000000728d80000,0x0000000728d80000,0x00000007aa200000)
  from space 152064K, 59% used [0x00000007b6b80000,0x00000007bc488000,0x00000007c0000000)
  to   space 179200K, 0% used [0x00000007aa200000,0x00000007aa200000,0x00000007b5100000)
 ParOldGen       total 847360K, used 693684K [0x00000005fa800000, 0x000000062e380000, 0x0000000728d80000)
  object space 847360K, 81% used [0x00000005fa800000,0x0000000624d6d0e8,0x000000062e380000)
 Metaspace       used 3981K, capacity 4844K, committed 5120K, reserved 1056768K
  class space    used 452K, capacity 468K, committed 512K, reserved 1048576K
}
Event: 95,650 GC heap before
{Heap before GC invocations=24 (full 3):
 PSYoungGen      total 2270208K, used 2209312K [0x0000000728d80000, 0x00000007c0000000, 0x00000007c0000000)
  eden space 2118144K, 100% used [0x0000000728d80000,0x00000007aa200000,0x00000007aa200000)
  from space 152064K, 59% used [0x00000007b6b80000,0x00000007bc488000,0x00000007c0000000)
  to   space 179200K, 0% used [0x00000007aa200000,0x00000007aa200000,0x00000007b5100000)
 ParOldGen       total 847360K, used 693684K [0x00000005fa800000, 0x000000062e380000, 0x0000000728d80000)
  object space 847360K, 81% used [0x00000005fa800000,0x0000000624d6d0e8,0x000000062e380000)
 Metaspace       used 5642K, capacity 5906K, committed 6144K, reserved 1056768K
  class space    used 647K, capacity 749K, committed 768K, reserved 1048576K
Event: 95,865 GC heap after
Heap after GC invocations=24 (full 3):
 PSYoungGen      total 2295808K, used 177239K [0x0000000728d80000, 0x00000007c0000000, 0x00000007c0000000)
  eden space 2118144K, 0% used [0x0000000728d80000,0x0000000728d80000,0x00000007aa200000)
  from space 177664K, 99% used [0x00000007aa200000,0x00000007b4f15e50,0x00000007b4f80000)
  to   space 180736K, 0% used [0x00000007b4f80000,0x00000007b4f80000,0x00000007c0000000)
 ParOldGen       total 847360K, used 693692K [0x00000005fa800000, 0x000000062e380000, 0x0000000728d80000)
  object space 847360K, 81% used [0x00000005fa800000,0x0000000624d6f0e8,0x000000062e380000)
 Metaspace       used 5642K, capacity 5906K, committed 6144K, reserved 1056768K
  class space    used 647K, capacity 749K, committed 768K, reserved 1048576K
}

