# JRE version: Java(TM) SE Runtime Environment (8.0_66-b17) (build 1.8.0_66-b17)
# Java VM: Java HotSpot(TM) 64-Bit Server VM (25.66-b17 mixed mode linux-amd64 compressed oops)
Heap:
 PSYoungGen      total 2185728K, used 905585K [0x0000000728d80000, 0x00000007b0e00000, 0x00000007c0000000)
  eden space 2148864K, 42% used [0x0000000728d80000,0x000000075ff37098,0x00000007ac000000)
  from space 36864K, 7% used [0x00000007aea00000,0x00000007aeca54f0,0x00000007b0e00000)
  to   space 39936K, 0% used [0x00000007ac000000,0x00000007ac000000,0x00000007ae700000)
 ParOldGen       total 1227776K, used 910375K [0x00000005fa800000, 0x0000000645700000, 0x0000000728d80000)
  object space 1227776K, 74% used [0x00000005fa800000,0x0000000632109ff8,0x0000000645700000)
 Metaspace       used 6015K, capacity 6242K, committed 6400K, reserved 1056768K
  class space    used 674K, capacity 750K, committed 768K, reserved 1048576K
GC Heap History (10 events):
Event: 611,368 GC heap before
{Heap before GC invocations=68 (full 4):
 PSYoungGen      total 2198016K, used 2139285K [0x0000000728d80000, 0x00000007b2800000, 0x00000007c0000000)
  eden space 2136576K, 100% used [0x0000000728d80000,0x00000007ab400000,0x00000007ab400000)
  from space 61440K, 4% used [0x00000007ab400000,0x00000007ab6a54f0,0x00000007af000000)
  to   space 57344K, 0% used [0x00000007af000000,0x00000007af000000,0x00000007b2800000)
 ParOldGen       total 1227776K, used 910375K [0x00000005fa800000, 0x0000000645700000, 0x0000000728d80000)
  object space 1227776K, 74% used [0x00000005fa800000,0x0000000632109ff8,0x0000000645700000)
 Metaspace       used 6015K, capacity 6242K, committed 6400K, reserved 1056768K
  class space    used 674K, capacity 750K, committed 768K, reserved 1048576K
Event: 611,380 GC heap after
Heap after GC invocations=68 (full 4):
 PSYoungGen      total 2189824K, used 2709K [0x0000000728d80000, 0x00000007b2000000, 0x00000007c0000000)
  eden space 2140672K, 0% used [0x0000000728d80000,0x0000000728d80000,0x00000007ab800000)
  from space 49152K, 5% used [0x00000007af000000,0x00000007af2a54f0,0x00000007b2000000)
  to   space 53248K, 0% used [0x00000007ab800000,0x00000007ab800000,0x00000007aec00000)
 ParOldGen       total 1227776K, used 910375K [0x00000005fa800000, 0x0000000645700000, 0x0000000728d80000)
  object space 1227776K, 74% used [0x00000005fa800000,0x0000000632109ff8,0x0000000645700000)
 Metaspace       used 6015K, capacity 6242K, committed 6400K, reserved 1056768K
  class space    used 674K, capacity 750K, committed 768K, reserved 1048576K
}
Event: 616,404 GC heap before
{Heap before GC invocations=69 (full 4):
 PSYoungGen      total 2189824K, used 2143381K [0x0000000728d80000, 0x00000007b2000000, 0x00000007c0000000)
  eden space 2140672K, 100% used [0x0000000728d80000,0x00000007ab800000,0x00000007ab800000)
  from space 49152K, 5% used [0x00000007af000000,0x00000007af2a54f0,0x00000007b2000000)
  to   space 53248K, 0% used [0x00000007ab800000,0x00000007ab800000,0x00000007aec00000)
 ParOldGen       total 1227776K, used 910375K [0x00000005fa800000, 0x0000000645700000, 0x0000000728d80000)
  object space 1227776K, 74% used [0x00000005fa800000,0x0000000632109ff8,0x0000000645700000)
 Metaspace       used 6015K, capacity 6242K, committed 6400K, reserved 1056768K
  class space    used 674K, capacity 750K, committed 768K, reserved 1048576K
Event: 616,413 GC heap after
Heap after GC invocations=69 (full 4):
 PSYoungGen      total 2193920K, used 2709K [0x0000000728d80000, 0x00000007b1d00000, 0x00000007c0000000)
  eden space 2140672K, 0% used [0x0000000728d80000,0x0000000728d80000,0x00000007ab800000)
  from space 53248K, 5% used [0x00000007ab800000,0x00000007abaa54f0,0x00000007aec00000)
  to   space 49664K, 0% used [0x00000007aec80000,0x00000007aec80000,0x00000007b1d00000)
 ParOldGen       total 1227776K, used 910375K [0x00000005fa800000, 0x0000000645700000, 0x0000000728d80000)
  object space 1227776K, 74% used [0x00000005fa800000,0x0000000632109ff8,0x0000000645700000)
 Metaspace       used 6015K, capacity 6242K, committed 6400K, reserved 1056768K
  class space    used 674K, capacity 750K, committed 768K, reserved 1048576K
}
Event: 621,057 GC heap before
{Heap before GC invocations=70 (full 4):
 PSYoungGen      total 2193920K, used 2143381K [0x0000000728d80000, 0x00000007b1d00000, 0x00000007c0000000)
  eden space 2140672K, 100% used [0x0000000728d80000,0x00000007ab800000,0x00000007ab800000)
  from space 53248K, 5% used [0x00000007ab800000,0x00000007abaa54f0,0x00000007aec00000)
  to   space 49664K, 0% used [0x00000007aec80000,0x00000007aec80000,0x00000007b1d00000)
 ParOldGen       total 1227776K, used 910375K [0x00000005fa800000, 0x0000000645700000, 0x0000000728d80000)
  object space 1227776K, 74% used [0x00000005fa800000,0x0000000632109ff8,0x0000000645700000)
 Metaspace       used 6015K, capacity 6242K, committed 6400K, reserved 1056768K
  class space    used 674K, capacity 750K, committed 768K, reserved 1048576K
Event: 621,069 GC heap after
Heap after GC invocations=70 (full 4):
 PSYoungGen      total 2187264K, used 2592K [0x0000000728d80000, 0x00000007b1600000, 0x00000007c0000000)
  eden space 2144768K, 0% used [0x0000000728d80000,0x0000000728d80000,0x00000007abc00000)
  from space 42496K, 6% used [0x00000007aec80000,0x00000007aef08000,0x00000007b1600000)
  to   space 46080K, 0% used [0x00000007abc00000,0x00000007abc00000,0x00000007ae900000)
 ParOldGen       total 1227776K, used 910375K [0x00000005fa800000, 0x0000000645700000, 0x0000000728d80000)
  object space 1227776K, 74% used [0x00000005fa800000,0x0000000632109ff8,0x0000000645700000)
 Metaspace       used 6015K, capacity 6242K, committed 6400K, reserved 1056768K
  class space    used 674K, capacity 750K, committed 768K, reserved 1048576K
}
Event: 626,914 GC heap before
{Heap before GC invocations=71 (full 4):
 PSYoungGen      total 2187264K, used 2147360K [0x0000000728d80000, 0x00000007b1600000, 0x00000007c0000000)
  eden space 2144768K, 100% used [0x0000000728d80000,0x00000007abc00000,0x00000007abc00000)
  from space 42496K, 6% used [0x00000007aec80000,0x00000007aef08000,0x00000007b1600000)
  to   space 46080K, 0% used [0x00000007abc00000,0x00000007abc00000,0x00000007ae900000)
 ParOldGen       total 1227776K, used 910375K [0x00000005fa800000, 0x0000000645700000, 0x0000000728d80000)
  object space 1227776K, 74% used [0x00000005fa800000,0x0000000632109ff8,0x0000000645700000)
 Metaspace       used 6015K, capacity 6242K, committed 6400K, reserved 1056768K
  class space    used 674K, capacity 750K, committed 768K, reserved 1048576K
Event: 626,926 GC heap after
Heap after GC invocations=71 (full 4):
 PSYoungGen      total 2190848K, used 2663K [0x0000000728d80000, 0x00000007b1400000, 0x00000007c0000000)
  eden space 2144768K, 0% used [0x0000000728d80000,0x0000000728d80000,0x00000007abc00000)
  from space 46080K, 5% used [0x00000007abc00000,0x00000007abe99c50,0x00000007ae900000)
  to   space 43008K, 0% used [0x00000007aea00000,0x00000007aea00000,0x00000007b1400000)
 ParOldGen       total 1227776K, used 910375K [0x00000005fa800000, 0x0000000645700000, 0x0000000728d80000)
  object space 1227776K, 74% used [0x00000005fa800000,0x0000000632109ff8,0x0000000645700000)
 Metaspace       used 6015K, capacity 6242K, committed 6400K, reserved 1056768K
  class space    used 674K, capacity 750K, committed 768K, reserved 1048576K
}
Event: 632,751 GC heap before
{Heap before GC invocations=72 (full 4):
 PSYoungGen      total 2190848K, used 2147431K [0x0000000728d80000, 0x00000007b1400000, 0x00000007c0000000)
  eden space 2144768K, 100% used [0x0000000728d80000,0x00000007abc00000,0x00000007abc00000)
  from space 46080K, 5% used [0x00000007abc00000,0x00000007abe99c50,0x00000007ae900000)
  to   space 43008K, 0% used [0x00000007aea00000,0x00000007aea00000,0x00000007b1400000)
 ParOldGen       total 1227776K, used 910375K [0x00000005fa800000, 0x0000000645700000, 0x0000000728d80000)
  object space 1227776K, 74% used [0x00000005fa800000,0x0000000632109ff8,0x0000000645700000)
 Metaspace       used 6015K, capacity 6242K, committed 6400K, reserved 1056768K
  class space    used 674K, capacity 750K, committed 768K, reserved 1048576K
Event: 632,764 GC heap after
Heap after GC invocations=72 (full 4):
 PSYoungGen      total 2185728K, used 2709K [0x0000000728d80000, 0x00000007b0e00000, 0x00000007c0000000)
  eden space 2148864K, 0% used [0x0000000728d80000,0x0000000728d80000,0x00000007ac000000)
  from space 36864K, 7% used [0x00000007aea00000,0x00000007aeca54f0,0x00000007b0e00000)
  to   space 39936K, 0% used [0x00000007ac000000,0x00000007ac000000,0x00000007ae700000)
 ParOldGen       total 1227776K, used 910375K [0x00000005fa800000, 0x0000000645700000, 0x0000000728d80000)
  object space 1227776K, 74% used [0x00000005fa800000,0x0000000632109ff8,0x0000000645700000)
 Metaspace       used 6015K, capacity 6242K, committed 6400K, reserved 1056768K
  class space    used 674K, capacity 750K, committed 768K, reserved 1048576K
}

