# JRE version: Java(TM) SE Runtime Environment (8.0_66-b17) (build 1.8.0_66-b17)
# Java VM: Java HotSpot(TM) 64-Bit Server VM (25.66-b17 mixed mode linux-amd64 compressed oops)
Heap:
 PSYoungGen      total 2222080K, used 1035853K [0x0000000728d80000, 0x00000007bad80000, 0x00000007c0000000)
  eden space 2068480K, 49% used [0x0000000728d80000,0x0000000767e8b5e0,0x00000007a7180000)
  from space 153600K, 1% used [0x00000007b1780000,0x00000007b1a08000,0x00000007bad80000)
  to   space 161792K, 0% used [0x00000007a7180000,0x00000007a7180000,0x00000007b0f80000)
 ParOldGen       total 1455104K, used 908401K [0x00000005fa800000, 0x0000000653500000, 0x0000000728d80000)
  object space 1455104K, 62% used [0x00000005fa800000,0x0000000631f1c778,0x0000000653500000)
 Metaspace       used 6014K, capacity 6242K, committed 6400K, reserved 1056768K
  class space    used 674K, capacity 750K, committed 768K, reserved 1048576K
GC Heap History (10 events):
Event: 530,423 GC heap before
{Heap before GC invocations=46 (full 4):
 PSYoungGen      total 2055168K, used 2054734K [0x0000000728d80000, 0x00000007bee00000, 0x00000007c0000000)
  eden space 2052096K, 100% used [0x0000000728d80000,0x00000007a6180000,0x00000007a6180000)
  from space 3072K, 85% used [0x00000007a6180000,0x00000007a64138a0,0x00000007a6480000)
  to   space 200704K, 0% used [0x00000007b2a00000,0x00000007b2a00000,0x00000007bee00000)
 ParOldGen       total 1455104K, used 908401K [0x00000005fa800000, 0x0000000653500000, 0x0000000728d80000)
  object space 1455104K, 62% used [0x00000005fa800000,0x0000000631f1c778,0x0000000653500000)
 Metaspace       used 6001K, capacity 6242K, committed 6400K, reserved 1056768K
  class space    used 674K, capacity 750K, committed 768K, reserved 1048576K
Event: 530,437 GC heap after
Heap after GC invocations=46 (full 4):
 PSYoungGen      total 2244096K, used 2638K [0x0000000728d80000, 0x00000007be080000, 0x00000007c0000000)
  eden space 2057216K, 0% used [0x0000000728d80000,0x0000000728d80000,0x00000007a6680000)
  from space 186880K, 1% used [0x00000007b2a00000,0x00000007b2c938a0,0x00000007be080000)
  to   space 193536K, 0% used [0x00000007a6680000,0x00000007a6680000,0x00000007b2380000)
 ParOldGen       total 1455104K, used 908401K [0x00000005fa800000, 0x0000000653500000, 0x0000000728d80000)
  object space 1455104K, 62% used [0x00000005fa800000,0x0000000631f1c778,0x0000000653500000)
 Metaspace       used 6001K, capacity 6242K, committed 6400K, reserved 1056768K
  class space    used 674K, capacity 750K, committed 768K, reserved 1048576K
}
Event: 536,113 GC heap before
{Heap before GC invocations=47 (full 4):
 PSYoungGen      total 2244096K, used 2059854K [0x0000000728d80000, 0x00000007be080000, 0x00000007c0000000)
  eden space 2057216K, 100% used [0x0000000728d80000,0x00000007a6680000,0x00000007a6680000)
  from space 186880K, 1% used [0x00000007b2a00000,0x00000007b2c938a0,0x00000007be080000)
  to   space 193536K, 0% used [0x00000007a6680000,0x00000007a6680000,0x00000007b2380000)
 ParOldGen       total 1455104K, used 908401K [0x00000005fa800000, 0x0000000653500000, 0x0000000728d80000)
  object space 1455104K, 62% used [0x00000005fa800000,0x0000000631f1c778,0x0000000653500000)
 Metaspace       used 6001K, capacity 6242K, committed 6400K, reserved 1056768K
  class space    used 674K, capacity 750K, committed 768K, reserved 1048576K
Event: 536,126 GC heap after
Heap after GC invocations=47 (full 4):
 PSYoungGen      total 2060288K, used 2670K [0x0000000728d80000, 0x00000007bd780000, 0x00000007c0000000)
  eden space 2057216K, 0% used [0x0000000728d80000,0x0000000728d80000,0x00000007a6680000)
  from space 3072K, 86% used [0x00000007a6680000,0x00000007a691b8a0,0x00000007a6980000)
  to   space 186368K, 0% used [0x00000007b2180000,0x00000007b2180000,0x00000007bd780000)
 ParOldGen       total 1455104K, used 908401K [0x00000005fa800000, 0x0000000653500000, 0x0000000728d80000)
  object space 1455104K, 62% used [0x00000005fa800000,0x0000000631f1c778,0x0000000653500000)
 Metaspace       used 6001K, capacity 6242K, committed 6400K, reserved 1056768K
  class space    used 674K, capacity 750K, committed 768K, reserved 1048576K
}
Event: 541,791 GC heap before
{Heap before GC invocations=48 (full 4):
 PSYoungGen      total 2060288K, used 2059886K [0x0000000728d80000, 0x00000007bd780000, 0x00000007c0000000)
  eden space 2057216K, 100% used [0x0000000728d80000,0x00000007a6680000,0x00000007a6680000)
  from space 3072K, 86% used [0x00000007a6680000,0x00000007a691b8a0,0x00000007a6980000)
  to   space 186368K, 0% used [0x00000007b2180000,0x00000007b2180000,0x00000007bd780000)
 ParOldGen       total 1455104K, used 908401K [0x00000005fa800000, 0x0000000653500000, 0x0000000728d80000)
  object space 1455104K, 62% used [0x00000005fa800000,0x0000000631f1c778,0x0000000653500000)
 Metaspace       used 6001K, capacity 6242K, committed 6400K, reserved 1056768K
  class space    used 674K, capacity 750K, committed 768K, reserved 1048576K
Event: 541,806 GC heap after
Heap after GC invocations=48 (full 4):
 PSYoungGen      total 2233344K, used 2709K [0x0000000728d80000, 0x00000007bc800000, 0x00000007c0000000)
  eden space 2062848K, 0% used [0x0000000728d80000,0x0000000728d80000,0x00000007a6c00000)
  from space 170496K, 1% used [0x00000007b2180000,0x00000007b24254f0,0x00000007bc800000)
  to   space 178176K, 0% used [0x00000007a6c00000,0x00000007a6c00000,0x00000007b1a00000)
 ParOldGen       total 1455104K, used 908401K [0x00000005fa800000, 0x0000000653500000, 0x0000000728d80000)
  object space 1455104K, 62% used [0x00000005fa800000,0x0000000631f1c778,0x0000000653500000)
 Metaspace       used 6001K, capacity 6242K, committed 6400K, reserved 1056768K
  class space    used 674K, capacity 750K, committed 768K, reserved 1048576K
}
Event: 547,513 GC heap before
{Heap before GC invocations=49 (full 4):
 PSYoungGen      total 2233344K, used 2065557K [0x0000000728d80000, 0x00000007bc800000, 0x00000007c0000000)
  eden space 2062848K, 100% used [0x0000000728d80000,0x00000007a6c00000,0x00000007a6c00000)
  from space 170496K, 1% used [0x00000007b2180000,0x00000007b24254f0,0x00000007bc800000)
  to   space 178176K, 0% used [0x00000007a6c00000,0x00000007a6c00000,0x00000007b1a00000)
 ParOldGen       total 1455104K, used 908401K [0x00000005fa800000, 0x0000000653500000, 0x0000000728d80000)
  object space 1455104K, 62% used [0x00000005fa800000,0x0000000631f1c778,0x0000000653500000)
 Metaspace       used 6010K, capacity 6242K, committed 6400K, reserved 1056768K
  class space    used 674K, capacity 750K, committed 768K, reserved 1048576K
Event: 547,527 GC heap after
Heap after GC invocations=49 (full 4):
 PSYoungGen      total 2065920K, used 2670K [0x0000000728d80000, 0x00000007bbd80000, 0x00000007c0000000)
  eden space 2062848K, 0% used [0x0000000728d80000,0x0000000728d80000,0x00000007a6c00000)
  from space 3072K, 86% used [0x00000007a6c00000,0x00000007a6e9b8a0,0x00000007a6f00000)
  to   space 169984K, 0% used [0x00000007b1780000,0x00000007b1780000,0x00000007bbd80000)
 ParOldGen       total 1455104K, used 908401K [0x00000005fa800000, 0x0000000653500000, 0x0000000728d80000)
  object space 1455104K, 62% used [0x00000005fa800000,0x0000000631f1c778,0x0000000653500000)
 Metaspace       used 6010K, capacity 6242K, committed 6400K, reserved 1056768K
  class space    used 674K, capacity 750K, committed 768K, reserved 1048576K
}
Event: 553,241 GC heap before
{Heap before GC invocations=50 (full 4):
 PSYoungGen      total 2065920K, used 2065518K [0x0000000728d80000, 0x00000007bbd80000, 0x00000007c0000000)
  eden space 2062848K, 100% used [0x0000000728d80000,0x00000007a6c00000,0x00000007a6c00000)
  from space 3072K, 86% used [0x00000007a6c00000,0x00000007a6e9b8a0,0x00000007a6f00000)
  to   space 169984K, 0% used [0x00000007b1780000,0x00000007b1780000,0x00000007bbd80000)
 ParOldGen       total 1455104K, used 908401K [0x00000005fa800000, 0x0000000653500000, 0x0000000728d80000)
  object space 1455104K, 62% used [0x00000005fa800000,0x0000000631f1c778,0x0000000653500000)
 Metaspace       used 6014K, capacity 6242K, committed 6400K, reserved 1056768K
  class space    used 674K, capacity 750K, committed 768K, reserved 1048576K
Event: 553,256 GC heap after
Heap after GC invocations=50 (full 4):
 PSYoungGen      total 2222080K, used 2592K [0x0000000728d80000, 0x00000007bad80000, 0x00000007c0000000)
  eden space 2068480K, 0% used [0x0000000728d80000,0x0000000728d80000,0x00000007a7180000)
  from space 153600K, 1% used [0x00000007b1780000,0x00000007b1a08000,0x00000007bad80000)
  to   space 161792K, 0% used [0x00000007a7180000,0x00000007a7180000,0x00000007b0f80000)
 ParOldGen       total 1455104K, used 908401K [0x00000005fa800000, 0x0000000653500000, 0x0000000728d80000)
  object space 1455104K, 62% used [0x00000005fa800000,0x0000000631f1c778,0x0000000653500000)
 Metaspace       used 6014K, capacity 6242K, committed 6400K, reserved 1056768K
  class space    used 674K, capacity 750K, committed 768K, reserved 1048576K
}

