# JRE version: Java(TM) SE Runtime Environment (8.0_66-b17) (build 1.8.0_66-b17)
# Java VM: Java HotSpot(TM) 64-Bit Server VM (25.66-b17 mixed mode linux-amd64 compressed oops)
Heap:
 PSYoungGen      total 1783808K, used 371016K [0x0000000728d80000, 0x00000007c0000000, 0x00000007c0000000)
  eden space 1601024K, 11% used [0x0000000728d80000,0x00000007345e2b78,0x000000078a900000)
  from space 182784K, 99% used [0x00000007b4d80000,0x00000007bff6f510,0x00000007c0000000)
  to   space 437760K, 0% used [0x000000078a900000,0x000000078a900000,0x00000007a5480000)
 ParOldGen       total 1875968K, used 1227967K [0x00000005fa800000, 0x000000066d000000, 0x0000000728d80000)
  object space 1875968K, 65% used [0x00000005fa800000,0x000000064572fe88,0x000000066d000000)
 Metaspace       used 5928K, capacity 6170K, committed 6400K, reserved 1056768K
  class space    used 678K, capacity 751K, committed 768K, reserved 1048576K
GC Heap History (10 events):
Event: 21,140 GC heap before
{Heap before GC invocations=22 (full 3):
 PSYoungGen      total 2296320K, used 89760K [0x0000000728d80000, 0x00000007c0000000, 0x00000007c0000000)
  eden space 2116096K, 0% used [0x0000000728d80000,0x0000000728d80000,0x00000007aa000000)
  from space 180224K, 49% used [0x00000007aa000000,0x00000007af7a8000,0x00000007b5000000)
  to   space 177152K, 0% used [0x00000007b5300000,0x00000007b5300000,0x00000007c0000000)
 ParOldGen       total 664064K, used 579958K [0x00000005fa800000, 0x0000000623080000, 0x0000000728d80000)
  object space 664064K, 87% used [0x00000005fa800000,0x000000061de5da48,0x0000000623080000)
 Metaspace       used 3979K, capacity 4844K, committed 5120K, reserved 1056768K
  class space    used 452K, capacity 468K, committed 512K, reserved 1048576K
Event: 23,650 GC heap after
Heap after GC invocations=22 (full 3):
 PSYoungGen      total 2296320K, used 2160K [0x0000000728d80000, 0x00000007c0000000, 0x00000007c0000000)
  eden space 2116096K, 0% used [0x0000000728d80000,0x0000000728d80000,0x00000007aa000000)
  from space 180224K, 1% used [0x00000007aa000000,0x00000007aa21c2b0,0x00000007b5000000)
  to   space 177152K, 0% used [0x00000007b5300000,0x00000007b5300000,0x00000007c0000000)
 ParOldGen       total 1042944K, used 664042K [0x00000005fa800000, 0x000000063a280000, 0x0000000728d80000)
  object space 1042944K, 63% used [0x00000005fa800000,0x000000062307a820,0x000000063a280000)
 Metaspace       used 3979K, capacity 4844K, committed 5120K, reserved 1056768K
  class space    used 452K, capacity 468K, committed 512K, reserved 1048576K
}
Event: 26,414 GC heap before
{Heap before GC invocations=23 (full 3):
 PSYoungGen      total 2296320K, used 2118256K [0x0000000728d80000, 0x00000007c0000000, 0x00000007c0000000)
  eden space 2116096K, 100% used [0x0000000728d80000,0x00000007aa000000,0x00000007aa000000)
  from space 180224K, 1% used [0x00000007aa000000,0x00000007aa21c2b0,0x00000007b5000000)
  to   space 177152K, 0% used [0x00000007b5300000,0x00000007b5300000,0x00000007c0000000)
 ParOldGen       total 1042944K, used 664042K [0x00000005fa800000, 0x000000063a280000, 0x0000000728d80000)
  object space 1042944K, 63% used [0x00000005fa800000,0x000000062307a820,0x000000063a280000)
 Metaspace       used 3979K, capacity 4844K, committed 5120K, reserved 1056768K
  class space    used 452K, capacity 468K, committed 512K, reserved 1048576K
Event: 26,741 GC heap after
Heap after GC invocations=23 (full 3):
 PSYoungGen      total 2288128K, used 91072K [0x0000000728d80000, 0x00000007bf800000, 0x00000007c0000000)
  eden space 2119168K, 0% used [0x0000000728d80000,0x0000000728d80000,0x00000007aa300000)
  from space 168960K, 53% used [0x00000007b5300000,0x00000007babf0000,0x00000007bf800000)
  to   space 174592K, 0% used [0x00000007aa300000,0x00000007aa300000,0x00000007b4d80000)
 ParOldGen       total 1042944K, used 664042K [0x00000005fa800000, 0x000000063a280000, 0x0000000728d80000)
  object space 1042944K, 63% used [0x00000005fa800000,0x000000062307a820,0x000000063a280000)
 Metaspace       used 3979K, capacity 4844K, committed 5120K, reserved 1056768K
  class space    used 452K, capacity 468K, committed 512K, reserved 1048576K
}
Event: 138,789 GC heap before
{Heap before GC invocations=24 (full 3):
 PSYoungGen      total 2288128K, used 2210240K [0x0000000728d80000, 0x00000007bf800000, 0x00000007c0000000)
  eden space 2119168K, 100% used [0x0000000728d80000,0x00000007aa300000,0x00000007aa300000)
  from space 168960K, 53% used [0x00000007b5300000,0x00000007babf0000,0x00000007bf800000)
  to   space 174592K, 0% used [0x00000007aa300000,0x00000007aa300000,0x00000007b4d80000)
 ParOldGen       total 1042944K, used 664042K [0x00000005fa800000, 0x000000063a280000, 0x0000000728d80000)
  object space 1042944K, 63% used [0x00000005fa800000,0x000000062307a820,0x000000063a280000)
 Metaspace       used 5658K, capacity 5906K, committed 6144K, reserved 1056768K
  class space    used 647K, capacity 749K, committed 768K, reserved 1048576K
Event: 139,025 GC heap after
Heap after GC invocations=24 (full 3):
 PSYoungGen      total 2293760K, used 174592K [0x0000000728d80000, 0x00000007c0000000, 0x00000007c0000000)
  eden space 2119168K, 0% used [0x0000000728d80000,0x0000000728d80000,0x00000007aa300000)
  from space 174592K, 100% used [0x00000007aa300000,0x00000007b4d80000,0x00000007b4d80000)
  to   space 182784K, 0% used [0x00000007b4d80000,0x00000007b4d80000,0x00000007c0000000)
 ParOldGen       total 1042944K, used 668161K [0x00000005fa800000, 0x000000063a280000, 0x0000000728d80000)
  object space 1042944K, 64% used [0x00000005fa800000,0x0000000623480670,0x000000063a280000)
 Metaspace       used 5658K, capacity 5906K, committed 6144K, reserved 1056768K
  class space    used 647K, capacity 749K, committed 768K, reserved 1048576K
}
Event: 140,638 GC heap before
{Heap before GC invocations=25 (full 3):
 PSYoungGen      total 2293760K, used 2293760K [0x0000000728d80000, 0x00000007c0000000, 0x00000007c0000000)
  eden space 2119168K, 100% used [0x0000000728d80000,0x00000007aa300000,0x00000007aa300000)
  from space 174592K, 100% used [0x00000007aa300000,0x00000007b4d80000,0x00000007b4d80000)
  to   space 182784K, 0% used [0x00000007b4d80000,0x00000007b4d80000,0x00000007c0000000)
 ParOldGen       total 1042944K, used 668161K [0x00000005fa800000, 0x000000063a280000, 0x0000000728d80000)
  object space 1042944K, 64% used [0x00000005fa800000,0x0000000623480670,0x000000063a280000)
 Metaspace       used 5685K, capacity 5914K, committed 6144K, reserved 1056768K
  class space    used 652K, capacity 751K, committed 768K, reserved 1048576K
Event: 141,438 GC heap after
Heap after GC invocations=25 (full 3):
 PSYoungGen      total 1783808K, used 182754K [0x0000000728d80000, 0x00000007c0000000, 0x00000007c0000000)
  eden space 1601024K, 0% used [0x0000000728d80000,0x0000000728d80000,0x000000078a900000)
  from space 182784K, 99% used [0x00000007b4d80000,0x00000007bfff8a10,0x00000007c0000000)
  to   space 437760K, 0% used [0x000000078a900000,0x000000078a900000,0x00000007a5480000)
 ParOldGen       total 1231872K, used 1231689K [0x00000005fa800000, 0x0000000645b00000, 0x0000000728d80000)
  object space 1231872K, 99% used [0x00000005fa800000,0x0000000645ad2670,0x0000000645b00000)
 Metaspace       used 5685K, capacity 5914K, committed 6144K, reserved 1056768K
  class space    used 652K, capacity 751K, committed 768K, reserved 1048576K
}
Event: 141,438 GC heap before
{Heap before GC invocations=26 (full 4):
 PSYoungGen      total 1783808K, used 182754K [0x0000000728d80000, 0x00000007c0000000, 0x00000007c0000000)
  eden space 1601024K, 0% used [0x0000000728d80000,0x0000000728d80000,0x000000078a900000)
  from space 182784K, 99% used [0x00000007b4d80000,0x00000007bfff8a10,0x00000007c0000000)
  to   space 437760K, 0% used [0x000000078a900000,0x000000078a900000,0x00000007a5480000)
 ParOldGen       total 1231872K, used 1231689K [0x00000005fa800000, 0x0000000645b00000, 0x0000000728d80000)
  object space 1231872K, 99% used [0x00000005fa800000,0x0000000645ad2670,0x0000000645b00000)
 Metaspace       used 5685K, capacity 5914K, committed 6144K, reserved 1056768K
  class space    used 652K, capacity 751K, committed 768K, reserved 1048576K
Event: 147,030 GC heap after
Heap after GC invocations=26 (full 4):
 PSYoungGen      total 1783808K, used 182205K [0x0000000728d80000, 0x00000007c0000000, 0x00000007c0000000)
  eden space 1601024K, 0% used [0x0000000728d80000,0x0000000728d80000,0x000000078a900000)
  from space 182784K, 99% used [0x00000007b4d80000,0x00000007bff6f510,0x00000007c0000000)
  to   space 437760K, 0% used [0x000000078a900000,0x000000078a900000,0x00000007a5480000)
 ParOldGen       total 1875968K, used 1227967K [0x00000005fa800000, 0x000000066d000000, 0x0000000728d80000)
  object space 1875968K, 65% used [0x00000005fa800000,0x000000064572fe88,0x000000066d000000)
 Metaspace       used 5685K, capacity 5914K, committed 6144K, reserved 1056768K
  class space    used 652K, capacity 751K, committed 768K, reserved 1048576K
}

